<?xml version="1.0" encoding="UTF-8"?>
<!-- Generated by org.testng.reporters.JUnitReportReporter -->
<testsuite hostname="DESKTOP-8ILQ9S0" failures="0" tests="1" name="com.qa.automation.test.TC002_Demo1Test" time="12.807" errors="0" timestamp="2022-06-23T20:27:17 IST" skipped="0">
  <testcase classname="com.qa.automation.test.TC002_Demo1Test" name="ValidateHomePage" time="12.807"/>
  <system-out/>
</testsuite> <!-- com.qa.automation.test.TC002_Demo1Test -->
