<?xml version="1.0" encoding="UTF-8"?>
<!-- Generated by org.testng.reporters.JUnitReportReporter -->
<testsuite hostname="DESKTOP-8ILQ9S0" failures="0" tests="1" name="com.qa.automation.test.TC001_DemoTest" time="8.623" errors="0" timestamp="2022-07-03T00:03:29 IST" skipped="0">
  <testcase classname="com.qa.automation.test.TC001_DemoTest" name="ValidateHomePage" time="8.623"/>
  <system-out/>
</testsuite> <!-- com.qa.automation.test.TC001_DemoTest -->
