<?xml version="1.0" encoding="UTF-8"?>
<!-- Generated by org.testng.reporters.JUnitReportReporter -->
<testsuite hostname="DESKTOP-8ILQ9S0" failures="0" tests="3" name="com.qa.automation.test.class1Test" time="0.037" errors="0" timestamp="18 Sep 2021 11:03:19 GMT">
  <testcase classname="com.qa.automation.test.class1Test" name="checkFrst_method3" time="0.007"/>
  <testcase classname="com.qa.automation.test.class1Test" name="checkFrst_method2" time="0.003"/>
  <testcase classname="com.qa.automation.test.class1Test" name="checkFrst_method" time="0.027"/>
</testsuite> <!-- com.qa.automation.test.class1Test -->
