<?xml version="1.0" encoding="UTF-8"?>
<!-- Generated by org.testng.reporters.JUnitReportReporter -->
<testsuite hostname="DESKTOP-8ILQ9S0" failures="0" tests="1" name="com.qa.automation.test.TC001_Demo" time="11.887" errors="0" timestamp="4 Oct 2021 10:46:59 GMT">
  <testcase classname="com.qa.automation.test.TC001_Demo" name="ValidateHomePage" time="11.887"/>
</testsuite> <!-- com.qa.automation.test.TC001_Demo -->
