<?xml version="1.0" encoding="UTF-8"?>
<!-- Generated by org.testng.reporters.JUnitReportReporter -->
<testsuite hostname="DESKTOP-8ILQ9S0" failures="0" tests="3" name="com.qa.automation.test.class1" time="0.104" errors="0" timestamp="18 Sep 2021 10:20:27 GMT">
  <testcase classname="com.qa.automation.test.class1" name="checkFrst_method" time="0.076"/>
  <testcase classname="com.qa.automation.test.class1" name="checkFrst_method2" time="0.024"/>
  <testcase classname="com.qa.automation.test.class1" name="checkFrst_method3" time="0.004"/>
</testsuite> <!-- com.qa.automation.test.class1 -->
